
> @sapyhte/design-system@0.1.0 build:storybook
> storybook build --output-dir=/private/var/folders/5w/6l0fxsb50nz53npjd2fp1hg00000gn/T/chromatic--98946-E0Al2FCxnXqZ

[1m@storybook/core v8.6.18
[22m
info => Cleaning outputDir: [36m../../../../../../private/var/folders/5w/6l0fxsb50nz53npjd2fp1hg00000gn/T/chromatic--98946-E0Al2FCxnXqZ[39m
info => Loading presets
info => Building manager..
info => Manager built ([38;2;181;126;229m92 ms[39m)
info => Building preview..
WARN No story files found for the specified pattern: [34msrc/**/*.mdx[39m
info Using tsconfig paths for react-docgen
[36mvite v6.4.3 [32mbuilding for production...[36m[39m
transforming...
[32m✓[39m 114 modules transformed.
rendering chunks...
computing gzip size...
[2m../../../../../../private/var/folders/5w/6l0fxsb50nz53npjd2fp1hg00000gn/T/chromatic--98946-E0Al2FCxnXqZ/[22m[32miframe.html                               [39m[1m[2m 17.75 kB[22m[1m[22m[2m │ gzip:   5.00 kB[22m
[2m../../../../../../private/var/folders/5w/6l0fxsb50nz53npjd2fp1hg00000gn/T/chromatic--98946-E0Al2FCxnXqZ/[22m[2massets/[22m[35mButton-x1LD8jA0.css                [39m[1m[2m  5.34 kB[22m[1m[22m[2m │ gzip:   0.99 kB[22m
[2m../../../../../../private/var/folders/5w/6l0fxsb50nz53npjd2fp1hg00000gn/T/chromatic--98946-E0Al2FCxnXqZ/[22m[2massets/[22m[35mpreview-C4hQi62x.css               [39m[1m[2m 23.32 kB[22m[1m[22m[2m │ gzip:   4.60 kB[22m
[2m../../../../../../private/var/folders/5w/6l0fxsb50nz53npjd2fp1hg00000gn/T/chromatic--98946-E0Al2FCxnXqZ/[22m[2massets/[22m[36mpreview-CVgpLj3b.js                [39m[1m[2m  0.05 kB[22m[1m[22m[2m │ gzip:   0.07 kB[22m
[2m../../../../../../private/var/folders/5w/6l0fxsb50nz53npjd2fp1hg00000gn/T/chromatic--98946-E0Al2FCxnXqZ/[22m[2massets/[22m[36m_commonjsHelpers-CqkleIqs.js       [39m[1m[2m  0.12 kB[22m[1m[22m[2m │ gzip:   0.13 kB[22m
[2m../../../../../../private/var/folders/5w/6l0fxsb50nz53npjd2fp1hg00000gn/T/chromatic--98946-E0Al2FCxnXqZ/[22m[2massets/[22m[36mclient-BI9dqGTm.js                 [39m[1m[2m  0.18 kB[22m[1m[22m[2m │ gzip:   0.15 kB[22m
[2m../../../../../../private/var/folders/5w/6l0fxsb50nz53npjd2fp1hg00000gn/T/chromatic--98946-E0Al2FCxnXqZ/[22m[2massets/[22m[36mpreview-CvbIS5ZJ.js                [39m[1m[2m  0.18 kB[22m[1m[22m[2m │ gzip:   0.16 kB[22m
[2m../../../../../../private/var/folders/5w/6l0fxsb50nz53npjd2fp1hg00000gn/T/chromatic--98946-E0Al2FCxnXqZ/[22m[2massets/[22m[36mindex-BhrQtDbT.js                  [39m[1m[2m  0.49 kB[22m[1m[22m[2m │ gzip:   0.31 kB[22m
[2m../../../../../../private/var/folders/5w/6l0fxsb50nz53npjd2fp1hg00000gn/T/chromatic--98946-E0Al2FCxnXqZ/[22m[2massets/[22m[36mindex-Dx_1l3Sb.js                  [39m[1m[2m  0.52 kB[22m[1m[22m[2m │ gzip:   0.37 kB[22m
[2m../../../../../../private/var/folders/5w/6l0fxsb50nz53npjd2fp1hg00000gn/T/chromatic--98946-E0Al2FCxnXqZ/[22m[2massets/[22m[36mpreview-pICiyJtQ.js                [39m[1m[2m  0.53 kB[22m[1m[22m[2m │ gzip:   0.36 kB[22m
[2m../../../../../../private/var/folders/5w/6l0fxsb50nz53npjd2fp1hg00000gn/T/chromatic--98946-E0Al2FCxnXqZ/[22m[2massets/[22m[36mchunk-XP5HYGXS-BHXC9YeQ.js         [39m[1m[2m  0.71 kB[22m[1m[22m[2m │ gzip:   0.40 kB[22m
[2m../../../../../../private/var/folders/5w/6l0fxsb50nz53npjd2fp1hg00000gn/T/chromatic--98946-E0Al2FCxnXqZ/[22m[2massets/[22m[36mpreview-DGUiP6tS.js                [39m[1m[2m  0.71 kB[22m[1m[22m[2m │ gzip:   0.50 kB[22m
[2m../../../../../../private/var/folders/5w/6l0fxsb50nz53npjd2fp1hg00000gn/T/chromatic--98946-E0Al2FCxnXqZ/[22m[2massets/[22m[36mindex-Bhqu_tAV.js                  [39m[1m[2m  0.79 kB[22m[1m[22m[2m │ gzip:   0.47 kB[22m
[2m../../../../../../private/var/folders/5w/6l0fxsb50nz53npjd2fp1hg00000gn/T/chromatic--98946-E0Al2FCxnXqZ/[22m[2massets/[22m[36mreact-18-Dcjcz1Sq.js               [39m[1m[2m  0.87 kB[22m[1m[22m[2m │ gzip:   0.51 kB[22m
[2m../../../../../../private/var/folders/5w/6l0fxsb50nz53npjd2fp1hg00000gn/T/chromatic--98946-E0Al2FCxnXqZ/[22m[2massets/[22m[36mpreview-JgpLZgx3.js                [39m[1m[2m  0.95 kB[22m[1m[22m[2m │ gzip:   0.60 kB[22m
[2m../../../../../../private/var/folders/5w/6l0fxsb50nz53npjd2fp1hg00000gn/T/chromatic--98946-E0Al2FCxnXqZ/[22m[2massets/[22m[36mjsx-runtime-Cf8x2fCZ.js            [39m[1m[2m  1.00 kB[22m[1m[22m[2m │ gzip:   0.62 kB[22m
[2m../../../../../../private/var/folders/5w/6l0fxsb50nz53npjd2fp1hg00000gn/T/chromatic--98946-E0Al2FCxnXqZ/[22m[2massets/[22m[36mpreview-W-zZ2RI7.js                [39m[1m[2m  2.22 kB[22m[1m[22m[2m │ gzip:   1.21 kB[22m
[2m../../../../../../private/var/folders/5w/6l0fxsb50nz53npjd2fp1hg00000gn/T/chromatic--98946-E0Al2FCxnXqZ/[22m[2massets/[22m[36mpreview-DD_OYowb.js                [39m[1m[2m  3.51 kB[22m[1m[22m[2m │ gzip:   1.69 kB[22m
[2m../../../../../../private/var/folders/5w/6l0fxsb50nz53npjd2fp1hg00000gn/T/chromatic--98946-E0Al2FCxnXqZ/[22m[2massets/[22m[36mShadows.stories-geYrdDIp.js        [39m[1m[2m  3.93 kB[22m[1m[22m[2m │ gzip:   1.11 kB[22m
[2m../../../../../../private/var/folders/5w/6l0fxsb50nz53npjd2fp1hg00000gn/T/chromatic--98946-E0Al2FCxnXqZ/[22m[2massets/[22m[36mSpacing.stories-3_zufSsL.js        [39m[1m[2m  3.97 kB[22m[1m[22m[2m │ gzip:   1.14 kB[22m
[2m../../../../../../private/var/folders/5w/6l0fxsb50nz53npjd2fp1hg00000gn/T/chromatic--98946-E0Al2FCxnXqZ/[22m[2massets/[22m[36mpreview-B0GEC7uH.js                [39m[1m[2m  5.06 kB[22m[1m[22m[2m │ gzip:   1.88 kB[22m
[2m../../../../../../private/var/folders/5w/6l0fxsb50nz53npjd2fp1hg00000gn/T/chromatic--98946-E0Al2FCxnXqZ/[22m[2massets/[22m[36mColors.stories-Gzl33z4z.js         [39m[1m[2m  5.42 kB[22m[1m[22m[2m │ gzip:   1.73 kB[22m
[2m../../../../../../private/var/folders/5w/6l0fxsb50nz53npjd2fp1hg00000gn/T/chromatic--98946-E0Al2FCxnXqZ/[22m[2massets/[22m[36mTypography.stories-CDmUZgvP.js     [39m[1m[2m  6.75 kB[22m[1m[22m[2m │ gzip:   1.48 kB[22m
[2m../../../../../../private/var/folders/5w/6l0fxsb50nz53npjd2fp1hg00000gn/T/chromatic--98946-E0Al2FCxnXqZ/[22m[2massets/[22m[36mindex-yBjzXJbu.js                  [39m[1m[2m  6.79 kB[22m[1m[22m[2m │ gzip:   2.72 kB[22m
[2m../../../../../../private/var/folders/5w/6l0fxsb50nz53npjd2fp1hg00000gn/T/chromatic--98946-E0Al2FCxnXqZ/[22m[2massets/[22m[36mpreview-CCCznEf4.js                [39m[1m[2m  7.62 kB[22m[1m[22m[2m │ gzip:   1.56 kB[22m
[2m../../../../../../private/var/folders/5w/6l0fxsb50nz53npjd2fp1hg00000gn/T/chromatic--98946-E0Al2FCxnXqZ/[22m[2massets/[22m[36mpreview-BBWR9nbA.js                [39m[1m[2m  8.12 kB[22m[1m[22m[2m │ gzip:   3.10 kB[22m
[2m../../../../../../private/var/folders/5w/6l0fxsb50nz53npjd2fp1hg00000gn/T/chromatic--98946-E0Al2FCxnXqZ/[22m[2massets/[22m[36mtest-utils-CwmFgXWS.js             [39m[1m[2m 13.09 kB[22m[1m[22m[2m │ gzip:   5.11 kB[22m
[2m../../../../../../private/var/folders/5w/6l0fxsb50nz53npjd2fp1hg00000gn/T/chromatic--98946-E0Al2FCxnXqZ/[22m[2massets/[22m[36mButton.stories-lFL3ckcg.js         [39m[1m[2m 13.96 kB[22m[1m[22m[2m │ gzip:   2.76 kB[22m
[2m../../../../../../private/var/folders/5w/6l0fxsb50nz53npjd2fp1hg00000gn/T/chromatic--98946-E0Al2FCxnXqZ/[22m[2massets/[22m[36mColor-YHDXOIA2-BFqs_16R.js         [39m[1m[2m 29.41 kB[22m[1m[22m[2m │ gzip:  11.09 kB[22m
[2m../../../../../../private/var/folders/5w/6l0fxsb50nz53npjd2fp1hg00000gn/T/chromatic--98946-E0Al2FCxnXqZ/[22m[2massets/[22m[36mmatchers-7Z3WT2CE-T3xScrR7.js      [39m[1m[2m 29.81 kB[22m[1m[22m[2m │ gzip:  10.30 kB[22m
[2m../../../../../../private/var/folders/5w/6l0fxsb50nz53npjd2fp1hg00000gn/T/chromatic--98946-E0Al2FCxnXqZ/[22m[2massets/[22m[36mentry-preview-CJQAszQj.js          [39m[1m[2m 29.90 kB[22m[1m[22m[2m │ gzip:   9.58 kB[22m
[2m../../../../../../private/var/folders/5w/6l0fxsb50nz53npjd2fp1hg00000gn/T/chromatic--98946-E0Al2FCxnXqZ/[22m[2massets/[22m[36mindex-DgH-xKnr.js                  [39m[1m[2m 57.15 kB[22m[1m[22m[2m │ gzip:  16.28 kB[22m
[2m../../../../../../private/var/folders/5w/6l0fxsb50nz53npjd2fp1hg00000gn/T/chromatic--98946-E0Al2FCxnXqZ/[22m[2massets/[22m[36mindex-B6ujFmsw.js                  [39m[1m[2m134.66 kB[22m[1m[22m[2m │ gzip:  43.22 kB[22m
[2m../../../../../../private/var/folders/5w/6l0fxsb50nz53npjd2fp1hg00000gn/T/chromatic--98946-E0Al2FCxnXqZ/[22m[2massets/[22m[36miframe-Bhau0N_f.js                 [39m[1m[2m212.85 kB[22m[1m[22m[2m │ gzip:  71.94 kB[22m
[2m../../../../../../private/var/folders/5w/6l0fxsb50nz53npjd2fp1hg00000gn/T/chromatic--98946-E0Al2FCxnXqZ/[22m[2massets/[22m[36mentry-preview-docs-CE_OKEto.js     [39m[1m[2m247.15 kB[22m[1m[22m[2m │ gzip:  73.46 kB[22m
[2m../../../../../../private/var/folders/5w/6l0fxsb50nz53npjd2fp1hg00000gn/T/chromatic--98946-E0Al2FCxnXqZ/[22m[2massets/[22m[36maxe-_okoyYgV.js                    [39m[1m[33m592.94 kB[39m[22m[2m │ gzip: 163.81 kB[22m
[2m../../../../../../private/var/folders/5w/6l0fxsb50nz53npjd2fp1hg00000gn/T/chromatic--98946-E0Al2FCxnXqZ/[22m[2massets/[22m[36mindex-DH-M5T-F.js                  [39m[1m[33m662.49 kB[39m[22m[2m │ gzip: 157.07 kB[22m
[2m../../../../../../private/var/folders/5w/6l0fxsb50nz53npjd2fp1hg00000gn/T/chromatic--98946-E0Al2FCxnXqZ/[22m[2massets/[22m[36mDocsRenderer-CFRXHY34-BJdzslje.js  [39m[1m[33m888.28 kB[39m[22m[2m │ gzip: 275.91 kB[22m
[32m✓ built in 3.02s[39m
info => Preview built ([38;2;181;126;229m3.44 s[39m)
info => Output directory: /private/var/folders/5w/6l0fxsb50nz53npjd2fp1hg00000gn/T/chromatic--98946-E0Al2FCxnXqZ
